<?xml version="1.0" encoding="UTF-8"?>
<testsuite xmlns:xsi="http://www.w3.org/2001/XMLSchema-instance" xsi:noNamespaceSchemaLocation="https://maven.apache.org/surefire/maven-surefire-plugin/xsd/surefire-test-report.xsd" name="com.learncamel.LearncamelSpringBootApplicationTests" time="7.626" tests="1" errors="1" skipped="0" failures="0">
  <properties>
    <property name="sun.desktop" value="windows"/>
    <property name="awt.toolkit" value="sun.awt.windows.WToolkit"/>
    <property name="file.encoding.pkg" value="sun.io"/>
    <property name="java.specification.version" value="1.8"/>
    <property name="sun.cpu.isalist" value="amd64"/>
    <property name="sun.jnu.encoding" value="Cp1252"/>
    <property name="java.class.path" value="E:\UDEMY\workspace\learncamel-spring-boot\target\test-classes;E:\UDEMY\workspace\learncamel-spring-boot\target\classes;C:\Users\sriram.muralidharan\.m2\repository\org\springframework\boot\spring-boot-starter-web\2.3.2.RELEASE\spring-boot-starter-web-2.3.2.RELEASE.jar;C:\Users\sriram.muralidharan\.m2\repository\org\springframework\boot\spring-boot-starter\2.3.2.RELEASE\spring-boot-starter-2.3.2.RELEASE.jar;C:\Users\sriram.muralidharan\.m2\repository\org\springframework\boot\spring-boot\2.3.2.RELEASE\spring-boot-2.3.2.RELEASE.jar;C:\Users\sriram.muralidharan\.m2\repository\org\springframework\boot\spring-boot-autoconfigure\2.3.2.RELEASE\spring-boot-autoconfigure-2.3.2.RELEASE.jar;C:\Users\sriram.muralidharan\.m2\repository\org\springframework\boot\spring-boot-starter-logging\2.3.2.RELEASE\spring-boot-starter-logging-2.3.2.RELEASE.jar;C:\Users\sriram.muralidharan\.m2\repository\ch\qos\logback\logback-classic\1.2.3\logback-classic-1.2.3.jar;C:\Users\sriram.muralidharan\.m2\repository\ch\qos\logback\logback-core\1.2.3\logback-core-1.2.3.jar;C:\Users\sriram.muralidharan\.m2\repository\org\apache\logging\log4j\log4j-to-slf4j\2.13.3\log4j-to-slf4j-2.13.3.jar;C:\Users\sriram.muralidharan\.m2\repository\org\apache\logging\log4j\log4j-api\2.13.3\log4j-api-2.13.3.jar;C:\Users\sriram.muralidharan\.m2\repository\org\slf4j\jul-to-slf4j\1.7.30\jul-to-slf4j-1.7.30.jar;C:\Users\sriram.muralidharan\.m2\repository\jakarta\annotation\jakarta.annotation-api\1.3.5\jakarta.annotation-api-1.3.5.jar;C:\Users\sriram.muralidharan\.m2\repository\org\yaml\snakeyaml\1.26\snakeyaml-1.26.jar;C:\Users\sriram.muralidharan\.m2\repository\org\springframework\boot\spring-boot-starter-json\2.3.2.RELEASE\spring-boot-starter-json-2.3.2.RELEASE.jar;C:\Users\sriram.muralidharan\.m2\repository\com\fasterxml\jackson\core\jackson-databind\2.11.1\jackson-databind-2.11.1.jar;C:\Users\sriram.muralidharan\.m2\repository\com\fasterxml\jackson\core\jackson-annotations\2.11.1\jackson-annotations-2.11.1.jar;C:\Users\sriram.muralidharan\.m2\repository\com\fasterxml\jackson\core\jackson-core\2.11.1\jackson-core-2.11.1.jar;C:\Users\sriram.muralidharan\.m2\repository\com\fasterxml\jackson\datatype\jackson-datatype-jdk8\2.11.1\jackson-datatype-jdk8-2.11.1.jar;C:\Users\sriram.muralidharan\.m2\repository\com\fasterxml\jackson\datatype\jackson-datatype-jsr310\2.11.1\jackson-datatype-jsr310-2.11.1.jar;C:\Users\sriram.muralidharan\.m2\repository\com\fasterxml\jackson\module\jackson-module-parameter-names\2.11.1\jackson-module-parameter-names-2.11.1.jar;C:\Users\sriram.muralidharan\.m2\repository\org\springframework\boot\spring-boot-starter-tomcat\2.3.2.RELEASE\spring-boot-starter-tomcat-2.3.2.RELEASE.jar;C:\Users\sriram.muralidharan\.m2\repository\org\apache\tomcat\embed\tomcat-embed-core\9.0.37\tomcat-embed-core-9.0.37.jar;C:\Users\sriram.muralidharan\.m2\repository\org\glassfish\jakarta.el\3.0.3\jakarta.el-3.0.3.jar;C:\Users\sriram.muralidharan\.m2\repository\org\apache\tomcat\embed\tomcat-embed-websocket\9.0.37\tomcat-embed-websocket-9.0.37.jar;C:\Users\sriram.muralidharan\.m2\repository\org\springframework\spring-web\5.2.8.RELEASE\spring-web-5.2.8.RELEASE.jar;C:\Users\sriram.muralidharan\.m2\repository\org\springframework\spring-beans\5.2.8.RELEASE\spring-beans-5.2.8.RELEASE.jar;C:\Users\sriram.muralidharan\.m2\repository\org\springframework\spring-webmvc\5.2.8.RELEASE\spring-webmvc-5.2.8.RELEASE.jar;C:\Users\sriram.muralidharan\.m2\repository\org\springframework\spring-aop\5.2.8.RELEASE\spring-aop-5.2.8.RELEASE.jar;C:\Users\sriram.muralidharan\.m2\repository\org\springframework\spring-context\5.2.8.RELEASE\spring-context-5.2.8.RELEASE.jar;C:\Users\sriram.muralidharan\.m2\repository\org\springframework\spring-expression\5.2.8.RELEASE\spring-expression-5.2.8.RELEASE.jar;C:\Users\sriram.muralidharan\.m2\repository\org\apache\camel\springboot\camel-spring-boot-starter\3.4.2\camel-spring-boot-starter-3.4.2.jar;C:\Users\sriram.muralidharan\.m2\repository\org\apache\camel\springboot\camel-spring-boot\3.4.2\camel-spring-boot-3.4.2.jar;C:\Users\sriram.muralidharan\.m2\repository\org\apache\camel\camel-spring\3.4.2\camel-spring-3.4.2.jar;C:\Users\sriram.muralidharan\.m2\repository\org\apache\camel\camel-core-engine\3.4.2\camel-core-engine-3.4.2.jar;C:\Users\sriram.muralidharan\.m2\repository\org\apache\camel\camel-xml-jaxb\3.4.2\camel-xml-jaxb-3.4.2.jar;C:\Users\sriram.muralidharan\.m2\repository\com\sun\xml\bind\jaxb-core\2.3.0\jaxb-core-2.3.0.jar;C:\Users\sriram.muralidharan\.m2\repository\com\sun\xml\bind\jaxb-impl\2.3.0\jaxb-impl-2.3.0.jar;C:\Users\sriram.muralidharan\.m2\repository\org\apache\camel\camel-xml-jaxp\3.4.2\camel-xml-jaxp-3.4.2.jar;C:\Users\sriram.muralidharan\.m2\repository\org\apache\camel\camel-bean\3.4.2\camel-bean-3.4.2.jar;C:\Users\sriram.muralidharan\.m2\repository\org\apache\camel\camel-management-api\3.4.2\camel-management-api-3.4.2.jar;C:\Users\sriram.muralidharan\.m2\repository\org\apache\camel\camel-core-xml\3.4.2\camel-core-xml-3.4.2.jar;C:\Users\sriram.muralidharan\.m2\repository\org\springframework\spring-tx\5.2.8.RELEASE\spring-tx-5.2.8.RELEASE.jar;C:\Users\sriram.muralidharan\.m2\repository\org\apache\camel\camel-cloud\3.4.2\camel-cloud-3.4.2.jar;C:\Users\sriram.muralidharan\.m2\repository\org\apache\camel\camel-cluster\3.4.2\camel-cluster-3.4.2.jar;C:\Users\sriram.muralidharan\.m2\repository\org\apache\camel\camel-core-catalog\3.4.2\camel-core-catalog-3.4.2.jar;C:\Users\sriram.muralidharan\.m2\repository\org\apache\camel\camel-api\3.4.2\camel-api-3.4.2.jar;C:\Users\sriram.muralidharan\.m2\repository\org\apache\camel\camel-tooling-model\3.4.2\camel-tooling-model-3.4.2.jar;C:\Users\sriram.muralidharan\.m2\repository\org\apache\camel\camel-util-json\3.4.2\camel-util-json-3.4.2.jar;C:\Users\sriram.muralidharan\.m2\repository\org\apache\camel\camel-health\3.4.2\camel-health-3.4.2.jar;C:\Users\sriram.muralidharan\.m2\repository\org\apache\camel\camel-main\3.4.2\camel-main-3.4.2.jar;C:\Users\sriram.muralidharan\.m2\repository\org\apache\camel\camel-base\3.4.2\camel-base-3.4.2.jar;C:\Users\sriram.muralidharan\.m2\repository\org\apache\camel\camel-support\3.4.2\camel-support-3.4.2.jar;C:\Users\sriram.muralidharan\.m2\repository\org\apache\camel\camel-util\3.4.2\camel-util-3.4.2.jar;C:\Users\sriram.muralidharan\.m2\repository\org\apache\camel\camel-core-languages\3.4.2\camel-core-languages-3.4.2.jar;C:\Users\sriram.muralidharan\.m2\repository\org\apache\camel\springboot\camel-core-starter\3.4.2\camel-core-starter-3.4.2.jar;C:\Users\sriram.muralidharan\.m2\repository\org\apache\camel\camel-core\3.4.2\camel-core-3.4.2.jar;C:\Users\sriram.muralidharan\.m2\repository\org\apache\camel\camel-browse\3.4.2\camel-browse-3.4.2.jar;C:\Users\sriram.muralidharan\.m2\repository\org\apache\camel\camel-caffeine-lrucache\3.4.2\camel-caffeine-lrucache-3.4.2.jar;C:\Users\sriram.muralidharan\.m2\repository\com\github\ben-manes\caffeine\caffeine\2.8.5\caffeine-2.8.5.jar;C:\Users\sriram.muralidharan\.m2\repository\org\apache\camel\camel-controlbus\3.4.2\camel-controlbus-3.4.2.jar;C:\Users\sriram.muralidharan\.m2\repository\org\apache\camel\camel-dataformat\3.4.2\camel-dataformat-3.4.2.jar;C:\Users\sriram.muralidharan\.m2\repository\org\apache\camel\camel-dataset\3.4.2\camel-dataset-3.4.2.jar;C:\Users\sriram.muralidharan\.m2\repository\org\apache\camel\camel-direct\3.4.2\camel-direct-3.4.2.jar;C:\Users\sriram.muralidharan\.m2\repository\org\apache\camel\camel-directvm\3.4.2\camel-directvm-3.4.2.jar;C:\Users\sriram.muralidharan\.m2\repository\org\apache\camel\camel-file\3.4.2\camel-file-3.4.2.jar;C:\Users\sriram.muralidharan\.m2\repository\org\apache\camel\camel-language\3.4.2\camel-language-3.4.2.jar;C:\Users\sriram.muralidharan\.m2\repository\org\apache\camel\camel-log\3.4.2\camel-log-3.4.2.jar;C:\Users\sriram.muralidharan\.m2\repository\org\apache\camel\camel-mock\3.4.2\camel-mock-3.4.2.jar;C:\Users\sriram.muralidharan\.m2\repository\org\apache\camel\camel-ref\3.4.2\camel-ref-3.4.2.jar;C:\Users\sriram.muralidharan\.m2\repository\org\apache\camel\camel-rest\3.4.2\camel-rest-3.4.2.jar;C:\Users\sriram.muralidharan\.m2\repository\org\apache\camel\camel-saga\3.4.2\camel-saga-3.4.2.jar;C:\Users\sriram.muralidharan\.m2\repository\org\apache\camel\camel-scheduler\3.4.2\camel-scheduler-3.4.2.jar;C:\Users\sriram.muralidharan\.m2\repository\org\apache\camel\camel-seda\3.4.2\camel-seda-3.4.2.jar;C:\Users\sriram.muralidharan\.m2\repository\org\apache\camel\camel-stub\3.4.2\camel-stub-3.4.2.jar;C:\Users\sriram.muralidharan\.m2\repository\org\apache\camel\camel-timer\3.4.2\camel-timer-3.4.2.jar;C:\Users\sriram.muralidharan\.m2\repository\org\apache\camel\camel-validator\3.4.2\camel-validator-3.4.2.jar;C:\Users\sriram.muralidharan\.m2\repository\org\apache\camel\camel-vm\3.4.2\camel-vm-3.4.2.jar;C:\Users\sriram.muralidharan\.m2\repository\org\apache\camel\camel-xpath\3.4.2\camel-xpath-3.4.2.jar;C:\Users\sriram.muralidharan\.m2\repository\org\apache\camel\camel-xslt\3.4.2\camel-xslt-3.4.2.jar;C:\Users\sriram.muralidharan\.m2\repository\org\springframework\boot\spring-boot-starter-test\2.3.2.RELEASE\spring-boot-starter-test-2.3.2.RELEASE.jar;C:\Users\sriram.muralidharan\.m2\repository\org\springframework\boot\spring-boot-test\2.3.2.RELEASE\spring-boot-test-2.3.2.RELEASE.jar;C:\Users\sriram.muralidharan\.m2\repository\org\springframework\boot\spring-boot-test-autoconfigure\2.3.2.RELEASE\spring-boot-test-autoconfigure-2.3.2.RELEASE.jar;C:\Users\sriram.muralidharan\.m2\repository\com\jayway\jsonpath\json-path\2.4.0\json-path-2.4.0.jar;C:\Users\sriram.muralidharan\.m2\repository\net\minidev\json-smart\2.3\json-smart-2.3.jar;C:\Users\sriram.muralidharan\.m2\repository\net\minidev\accessors-smart\1.2\accessors-smart-1.2.jar;C:\Users\sriram.muralidharan\.m2\repository\org\ow2\asm\asm\5.0.4\asm-5.0.4.jar;C:\Users\sriram.muralidharan\.m2\repository\org\slf4j\slf4j-api\1.7.30\slf4j-api-1.7.30.jar;C:\Users\sriram.muralidharan\.m2\repository\jakarta\xml\bind\jakarta.xml.bind-api\2.3.3\jakarta.xml.bind-api-2.3.3.jar;C:\Users\sriram.muralidharan\.m2\repository\jakarta\activation\jakarta.activation-api\1.2.2\jakarta.activation-api-1.2.2.jar;C:\Users\sriram.muralidharan\.m2\repository\org\assertj\assertj-core\3.16.1\assertj-core-3.16.1.jar;C:\Users\sriram.muralidharan\.m2\repository\org\hamcrest\hamcrest\2.2\hamcrest-2.2.jar;C:\Users\sriram.muralidharan\.m2\repository\org\junit\jupiter\junit-jupiter\5.6.2\junit-jupiter-5.6.2.jar;C:\Users\sriram.muralidharan\.m2\repository\org\junit\jupiter\junit-jupiter-api\5.6.2\junit-jupiter-api-5.6.2.jar;C:\Users\sriram.muralidharan\.m2\repository\org\apiguardian\apiguardian-api\1.1.0\apiguardian-api-1.1.0.jar;C:\Users\sriram.muralidharan\.m2\repository\org\opentest4j\opentest4j\1.2.0\opentest4j-1.2.0.jar;C:\Users\sriram.muralidharan\.m2\repository\org\junit\platform\junit-platform-commons\1.6.2\junit-platform-commons-1.6.2.jar;C:\Users\sriram.muralidharan\.m2\repository\org\junit\jupiter\junit-jupiter-params\5.6.2\junit-jupiter-params-5.6.2.jar;C:\Users\sriram.muralidharan\.m2\repository\org\junit\jupiter\junit-jupiter-engine\5.6.2\junit-jupiter-engine-5.6.2.jar;C:\Users\sriram.muralidharan\.m2\repository\org\junit\platform\junit-platform-engine\1.6.2\junit-platform-engine-1.6.2.jar;C:\Users\sriram.muralidharan\.m2\repository\org\mockito\mockito-core\3.3.3\mockito-core-3.3.3.jar;C:\Users\sriram.muralidharan\.m2\repository\net\bytebuddy\byte-buddy\1.10.13\byte-buddy-1.10.13.jar;C:\Users\sriram.muralidharan\.m2\repository\net\bytebuddy\byte-buddy-agent\1.10.13\byte-buddy-agent-1.10.13.jar;C:\Users\sriram.muralidharan\.m2\repository\org\objenesis\objenesis\2.6\objenesis-2.6.jar;C:\Users\sriram.muralidharan\.m2\repository\org\mockito\mockito-junit-jupiter\3.3.3\mockito-junit-jupiter-3.3.3.jar;C:\Users\sriram.muralidharan\.m2\repository\org\skyscreamer\jsonassert\1.5.0\jsonassert-1.5.0.jar;C:\Users\sriram.muralidharan\.m2\repository\com\vaadin\external\google\android-json\0.0.20131108.vaadin1\android-json-0.0.20131108.vaadin1.jar;C:\Users\sriram.muralidharan\.m2\repository\org\springframework\spring-core\5.2.8.RELEASE\spring-core-5.2.8.RELEASE.jar;C:\Users\sriram.muralidharan\.m2\repository\org\springframework\spring-jcl\5.2.8.RELEASE\spring-jcl-5.2.8.RELEASE.jar;C:\Users\sriram.muralidharan\.m2\repository\org\springframework\spring-test\5.2.8.RELEASE\spring-test-5.2.8.RELEASE.jar;C:\Users\sriram.muralidharan\.m2\repository\org\xmlunit\xmlunit-core\2.7.0\xmlunit-core-2.7.0.jar;"/>
    <property name="java.vm.vendor" value="Oracle Corporation"/>
    <property name="sun.arch.data.model" value="64"/>
    <property name="user.variant" value=""/>
    <property name="java.vendor.url" value="http://java.oracle.com/"/>
    <property name="user.timezone" value="Asia/Calcutta"/>
    <property name="java.vm.specification.version" value="1.8"/>
    <property name="os.name" value="Windows 10"/>
    <property name="user.country" value="US"/>
    <property name="sun.java.launcher" value="SUN_STANDARD"/>
    <property name="sun.boot.library.path" value="C:\Program Files\Java\jdk1.8.0_241\jre\bin"/>
    <property name="sun.java.command" value="C:\Users\SRIRAM~1.MUR\AppData\Local\Temp\surefire4567809933899569393\surefirebooter3454773117710772843.jar C:\Users\sriram.muralidharan\AppData\Local\Temp\surefire4567809933899569393 2020-08-19T20-55-07_097-jvmRun1 surefire5319432429527726295tmp surefire_07789182057979253583tmp"/>
    <property name="surefire.test.class.path" value="E:\UDEMY\workspace\learncamel-spring-boot\target\test-classes;E:\UDEMY\workspace\learncamel-spring-boot\target\classes;C:\Users\sriram.muralidharan\.m2\repository\org\springframework\boot\spring-boot-starter-web\2.3.2.RELEASE\spring-boot-starter-web-2.3.2.RELEASE.jar;C:\Users\sriram.muralidharan\.m2\repository\org\springframework\boot\spring-boot-starter\2.3.2.RELEASE\spring-boot-starter-2.3.2.RELEASE.jar;C:\Users\sriram.muralidharan\.m2\repository\org\springframework\boot\spring-boot\2.3.2.RELEASE\spring-boot-2.3.2.RELEASE.jar;C:\Users\sriram.muralidharan\.m2\repository\org\springframework\boot\spring-boot-autoconfigure\2.3.2.RELEASE\spring-boot-autoconfigure-2.3.2.RELEASE.jar;C:\Users\sriram.muralidharan\.m2\repository\org\springframework\boot\spring-boot-starter-logging\2.3.2.RELEASE\spring-boot-starter-logging-2.3.2.RELEASE.jar;C:\Users\sriram.muralidharan\.m2\repository\ch\qos\logback\logback-classic\1.2.3\logback-classic-1.2.3.jar;C:\Users\sriram.muralidharan\.m2\repository\ch\qos\logback\logback-core\1.2.3\logback-core-1.2.3.jar;C:\Users\sriram.muralidharan\.m2\repository\org\apache\logging\log4j\log4j-to-slf4j\2.13.3\log4j-to-slf4j-2.13.3.jar;C:\Users\sriram.muralidharan\.m2\repository\org\apache\logging\log4j\log4j-api\2.13.3\log4j-api-2.13.3.jar;C:\Users\sriram.muralidharan\.m2\repository\org\slf4j\jul-to-slf4j\1.7.30\jul-to-slf4j-1.7.30.jar;C:\Users\sriram.muralidharan\.m2\repository\jakarta\annotation\jakarta.annotation-api\1.3.5\jakarta.annotation-api-1.3.5.jar;C:\Users\sriram.muralidharan\.m2\repository\org\yaml\snakeyaml\1.26\snakeyaml-1.26.jar;C:\Users\sriram.muralidharan\.m2\repository\org\springframework\boot\spring-boot-starter-json\2.3.2.RELEASE\spring-boot-starter-json-2.3.2.RELEASE.jar;C:\Users\sriram.muralidharan\.m2\repository\com\fasterxml\jackson\core\jackson-databind\2.11.1\jackson-databind-2.11.1.jar;C:\Users\sriram.muralidharan\.m2\repository\com\fasterxml\jackson\core\jackson-annotations\2.11.1\jackson-annotations-2.11.1.jar;C:\Users\sriram.muralidharan\.m2\repository\com\fasterxml\jackson\core\jackson-core\2.11.1\jackson-core-2.11.1.jar;C:\Users\sriram.muralidharan\.m2\repository\com\fasterxml\jackson\datatype\jackson-datatype-jdk8\2.11.1\jackson-datatype-jdk8-2.11.1.jar;C:\Users\sriram.muralidharan\.m2\repository\com\fasterxml\jackson\datatype\jackson-datatype-jsr310\2.11.1\jackson-datatype-jsr310-2.11.1.jar;C:\Users\sriram.muralidharan\.m2\repository\com\fasterxml\jackson\module\jackson-module-parameter-names\2.11.1\jackson-module-parameter-names-2.11.1.jar;C:\Users\sriram.muralidharan\.m2\repository\org\springframework\boot\spring-boot-starter-tomcat\2.3.2.RELEASE\spring-boot-starter-tomcat-2.3.2.RELEASE.jar;C:\Users\sriram.muralidharan\.m2\repository\org\apache\tomcat\embed\tomcat-embed-core\9.0.37\tomcat-embed-core-9.0.37.jar;C:\Users\sriram.muralidharan\.m2\repository\org\glassfish\jakarta.el\3.0.3\jakarta.el-3.0.3.jar;C:\Users\sriram.muralidharan\.m2\repository\org\apache\tomcat\embed\tomcat-embed-websocket\9.0.37\tomcat-embed-websocket-9.0.37.jar;C:\Users\sriram.muralidharan\.m2\repository\org\springframework\spring-web\5.2.8.RELEASE\spring-web-5.2.8.RELEASE.jar;C:\Users\sriram.muralidharan\.m2\repository\org\springframework\spring-beans\5.2.8.RELEASE\spring-beans-5.2.8.RELEASE.jar;C:\Users\sriram.muralidharan\.m2\repository\org\springframework\spring-webmvc\5.2.8.RELEASE\spring-webmvc-5.2.8.RELEASE.jar;C:\Users\sriram.muralidharan\.m2\repository\org\springframework\spring-aop\5.2.8.RELEASE\spring-aop-5.2.8.RELEASE.jar;C:\Users\sriram.muralidharan\.m2\repository\org\springframework\spring-context\5.2.8.RELEASE\spring-context-5.2.8.RELEASE.jar;C:\Users\sriram.muralidharan\.m2\repository\org\springframework\spring-expression\5.2.8.RELEASE\spring-expression-5.2.8.RELEASE.jar;C:\Users\sriram.muralidharan\.m2\repository\org\apache\camel\springboot\camel-spring-boot-starter\3.4.2\camel-spring-boot-starter-3.4.2.jar;C:\Users\sriram.muralidharan\.m2\repository\org\apache\camel\springboot\camel-spring-boot\3.4.2\camel-spring-boot-3.4.2.jar;C:\Users\sriram.muralidharan\.m2\repository\org\apache\camel\camel-spring\3.4.2\camel-spring-3.4.2.jar;C:\Users\sriram.muralidharan\.m2\repository\org\apache\camel\camel-core-engine\3.4.2\camel-core-engine-3.4.2.jar;C:\Users\sriram.muralidharan\.m2\repository\org\apache\camel\camel-xml-jaxb\3.4.2\camel-xml-jaxb-3.4.2.jar;C:\Users\sriram.muralidharan\.m2\repository\com\sun\xml\bind\jaxb-core\2.3.0\jaxb-core-2.3.0.jar;C:\Users\sriram.muralidharan\.m2\repository\com\sun\xml\bind\jaxb-impl\2.3.0\jaxb-impl-2.3.0.jar;C:\Users\sriram.muralidharan\.m2\repository\org\apache\camel\camel-xml-jaxp\3.4.2\camel-xml-jaxp-3.4.2.jar;C:\Users\sriram.muralidharan\.m2\repository\org\apache\camel\camel-bean\3.4.2\camel-bean-3.4.2.jar;C:\Users\sriram.muralidharan\.m2\repository\org\apache\camel\camel-management-api\3.4.2\camel-management-api-3.4.2.jar;C:\Users\sriram.muralidharan\.m2\repository\org\apache\camel\camel-core-xml\3.4.2\camel-core-xml-3.4.2.jar;C:\Users\sriram.muralidharan\.m2\repository\org\springframework\spring-tx\5.2.8.RELEASE\spring-tx-5.2.8.RELEASE.jar;C:\Users\sriram.muralidharan\.m2\repository\org\apache\camel\camel-cloud\3.4.2\camel-cloud-3.4.2.jar;C:\Users\sriram.muralidharan\.m2\repository\org\apache\camel\camel-cluster\3.4.2\camel-cluster-3.4.2.jar;C:\Users\sriram.muralidharan\.m2\repository\org\apache\camel\camel-core-catalog\3.4.2\camel-core-catalog-3.4.2.jar;C:\Users\sriram.muralidharan\.m2\repository\org\apache\camel\camel-api\3.4.2\camel-api-3.4.2.jar;C:\Users\sriram.muralidharan\.m2\repository\org\apache\camel\camel-tooling-model\3.4.2\camel-tooling-model-3.4.2.jar;C:\Users\sriram.muralidharan\.m2\repository\org\apache\camel\camel-util-json\3.4.2\camel-util-json-3.4.2.jar;C:\Users\sriram.muralidharan\.m2\repository\org\apache\camel\camel-health\3.4.2\camel-health-3.4.2.jar;C:\Users\sriram.muralidharan\.m2\repository\org\apache\camel\camel-main\3.4.2\camel-main-3.4.2.jar;C:\Users\sriram.muralidharan\.m2\repository\org\apache\camel\camel-base\3.4.2\camel-base-3.4.2.jar;C:\Users\sriram.muralidharan\.m2\repository\org\apache\camel\camel-support\3.4.2\camel-support-3.4.2.jar;C:\Users\sriram.muralidharan\.m2\repository\org\apache\camel\camel-util\3.4.2\camel-util-3.4.2.jar;C:\Users\sriram.muralidharan\.m2\repository\org\apache\camel\camel-core-languages\3.4.2\camel-core-languages-3.4.2.jar;C:\Users\sriram.muralidharan\.m2\repository\org\apache\camel\springboot\camel-core-starter\3.4.2\camel-core-starter-3.4.2.jar;C:\Users\sriram.muralidharan\.m2\repository\org\apache\camel\camel-core\3.4.2\camel-core-3.4.2.jar;C:\Users\sriram.muralidharan\.m2\repository\org\apache\camel\camel-browse\3.4.2\camel-browse-3.4.2.jar;C:\Users\sriram.muralidharan\.m2\repository\org\apache\camel\camel-caffeine-lrucache\3.4.2\camel-caffeine-lrucache-3.4.2.jar;C:\Users\sriram.muralidharan\.m2\repository\com\github\ben-manes\caffeine\caffeine\2.8.5\caffeine-2.8.5.jar;C:\Users\sriram.muralidharan\.m2\repository\org\apache\camel\camel-controlbus\3.4.2\camel-controlbus-3.4.2.jar;C:\Users\sriram.muralidharan\.m2\repository\org\apache\camel\camel-dataformat\3.4.2\camel-dataformat-3.4.2.jar;C:\Users\sriram.muralidharan\.m2\repository\org\apache\camel\camel-dataset\3.4.2\camel-dataset-3.4.2.jar;C:\Users\sriram.muralidharan\.m2\repository\org\apache\camel\camel-direct\3.4.2\camel-direct-3.4.2.jar;C:\Users\sriram.muralidharan\.m2\repository\org\apache\camel\camel-directvm\3.4.2\camel-directvm-3.4.2.jar;C:\Users\sriram.muralidharan\.m2\repository\org\apache\camel\camel-file\3.4.2\camel-file-3.4.2.jar;C:\Users\sriram.muralidharan\.m2\repository\org\apache\camel\camel-language\3.4.2\camel-language-3.4.2.jar;C:\Users\sriram.muralidharan\.m2\repository\org\apache\camel\camel-log\3.4.2\camel-log-3.4.2.jar;C:\Users\sriram.muralidharan\.m2\repository\org\apache\camel\camel-mock\3.4.2\camel-mock-3.4.2.jar;C:\Users\sriram.muralidharan\.m2\repository\org\apache\camel\camel-ref\3.4.2\camel-ref-3.4.2.jar;C:\Users\sriram.muralidharan\.m2\repository\org\apache\camel\camel-rest\3.4.2\camel-rest-3.4.2.jar;C:\Users\sriram.muralidharan\.m2\repository\org\apache\camel\camel-saga\3.4.2\camel-saga-3.4.2.jar;C:\Users\sriram.muralidharan\.m2\repository\org\apache\camel\camel-scheduler\3.4.2\camel-scheduler-3.4.2.jar;C:\Users\sriram.muralidharan\.m2\repository\org\apache\camel\camel-seda\3.4.2\camel-seda-3.4.2.jar;C:\Users\sriram.muralidharan\.m2\repository\org\apache\camel\camel-stub\3.4.2\camel-stub-3.4.2.jar;C:\Users\sriram.muralidharan\.m2\repository\org\apache\camel\camel-timer\3.4.2\camel-timer-3.4.2.jar;C:\Users\sriram.muralidharan\.m2\repository\org\apache\camel\camel-validator\3.4.2\camel-validator-3.4.2.jar;C:\Users\sriram.muralidharan\.m2\repository\org\apache\camel\camel-vm\3.4.2\camel-vm-3.4.2.jar;C:\Users\sriram.muralidharan\.m2\repository\org\apache\camel\camel-xpath\3.4.2\camel-xpath-3.4.2.jar;C:\Users\sriram.muralidharan\.m2\repository\org\apache\camel\camel-xslt\3.4.2\camel-xslt-3.4.2.jar;C:\Users\sriram.muralidharan\.m2\repository\org\springframework\boot\spring-boot-starter-test\2.3.2.RELEASE\spring-boot-starter-test-2.3.2.RELEASE.jar;C:\Users\sriram.muralidharan\.m2\repository\org\springframework\boot\spring-boot-test\2.3.2.RELEASE\spring-boot-test-2.3.2.RELEASE.jar;C:\Users\sriram.muralidharan\.m2\repository\org\springframework\boot\spring-boot-test-autoconfigure\2.3.2.RELEASE\spring-boot-test-autoconfigure-2.3.2.RELEASE.jar;C:\Users\sriram.muralidharan\.m2\repository\com\jayway\jsonpath\json-path\2.4.0\json-path-2.4.0.jar;C:\Users\sriram.muralidharan\.m2\repository\net\minidev\json-smart\2.3\json-smart-2.3.jar;C:\Users\sriram.muralidharan\.m2\repository\net\minidev\accessors-smart\1.2\accessors-smart-1.2.jar;C:\Users\sriram.muralidharan\.m2\repository\org\ow2\asm\asm\5.0.4\asm-5.0.4.jar;C:\Users\sriram.muralidharan\.m2\repository\org\slf4j\slf4j-api\1.7.30\slf4j-api-1.7.30.jar;C:\Users\sriram.muralidharan\.m2\repository\jakarta\xml\bind\jakarta.xml.bind-api\2.3.3\jakarta.xml.bind-api-2.3.3.jar;C:\Users\sriram.muralidharan\.m2\repository\jakarta\activation\jakarta.activation-api\1.2.2\jakarta.activation-api-1.2.2.jar;C:\Users\sriram.muralidharan\.m2\repository\org\assertj\assertj-core\3.16.1\assertj-core-3.16.1.jar;C:\Users\sriram.muralidharan\.m2\repository\org\hamcrest\hamcrest\2.2\hamcrest-2.2.jar;C:\Users\sriram.muralidharan\.m2\repository\org\junit\jupiter\junit-jupiter\5.6.2\junit-jupiter-5.6.2.jar;C:\Users\sriram.muralidharan\.m2\repository\org\junit\jupiter\junit-jupiter-api\5.6.2\junit-jupiter-api-5.6.2.jar;C:\Users\sriram.muralidharan\.m2\repository\org\apiguardian\apiguardian-api\1.1.0\apiguardian-api-1.1.0.jar;C:\Users\sriram.muralidharan\.m2\repository\org\opentest4j\opentest4j\1.2.0\opentest4j-1.2.0.jar;C:\Users\sriram.muralidharan\.m2\repository\org\junit\platform\junit-platform-commons\1.6.2\junit-platform-commons-1.6.2.jar;C:\Users\sriram.muralidharan\.m2\repository\org\junit\jupiter\junit-jupiter-params\5.6.2\junit-jupiter-params-5.6.2.jar;C:\Users\sriram.muralidharan\.m2\repository\org\junit\jupiter\junit-jupiter-engine\5.6.2\junit-jupiter-engine-5.6.2.jar;C:\Users\sriram.muralidharan\.m2\repository\org\junit\platform\junit-platform-engine\1.6.2\junit-platform-engine-1.6.2.jar;C:\Users\sriram.muralidharan\.m2\repository\org\mockito\mockito-core\3.3.3\mockito-core-3.3.3.jar;C:\Users\sriram.muralidharan\.m2\repository\net\bytebuddy\byte-buddy\1.10.13\byte-buddy-1.10.13.jar;C:\Users\sriram.muralidharan\.m2\repository\net\bytebuddy\byte-buddy-agent\1.10.13\byte-buddy-agent-1.10.13.jar;C:\Users\sriram.muralidharan\.m2\repository\org\objenesis\objenesis\2.6\objenesis-2.6.jar;C:\Users\sriram.muralidharan\.m2\repository\org\mockito\mockito-junit-jupiter\3.3.3\mockito-junit-jupiter-3.3.3.jar;C:\Users\sriram.muralidharan\.m2\repository\org\skyscreamer\jsonassert\1.5.0\jsonassert-1.5.0.jar;C:\Users\sriram.muralidharan\.m2\repository\com\vaadin\external\google\android-json\0.0.20131108.vaadin1\android-json-0.0.20131108.vaadin1.jar;C:\Users\sriram.muralidharan\.m2\repository\org\springframework\spring-core\5.2.8.RELEASE\spring-core-5.2.8.RELEASE.jar;C:\Users\sriram.muralidharan\.m2\repository\org\springframework\spring-jcl\5.2.8.RELEASE\spring-jcl-5.2.8.RELEASE.jar;C:\Users\sriram.muralidharan\.m2\repository\org\springframework\spring-test\5.2.8.RELEASE\spring-test-5.2.8.RELEASE.jar;C:\Users\sriram.muralidharan\.m2\repository\org\xmlunit\xmlunit-core\2.7.0\xmlunit-core-2.7.0.jar;"/>
    <property name="sun.cpu.endian" value="little"/>
    <property name="user.home" value="C:\Users\sriram.muralidharan"/>
    <property name="user.language" value="en"/>
    <property name="java.specification.vendor" value="Oracle Corporation"/>
    <property name="java.home" value="C:\Program Files\Java\jdk1.8.0_241\jre"/>
    <property name="basedir" value="E:\UDEMY\workspace\learncamel-spring-boot"/>
    <property name="file.separator" value="\"/>
    <property name="line.separator" value="&#10;"/>
    <property name="idea.version2019.2.3" value="true"/>
    <property name="java.vm.specification.vendor" value="Oracle Corporation"/>
    <property name="java.specification.name" value="Java Platform API Specification"/>
    <property name="java.awt.graphicsenv" value="sun.awt.Win32GraphicsEnvironment"/>
    <property name="surefire.real.class.path" value="C:\Users\SRIRAM~1.MUR\AppData\Local\Temp\surefire4567809933899569393\surefirebooter3454773117710772843.jar"/>
    <property name="sun.boot.class.path" value="C:\Program Files\Java\jdk1.8.0_241\jre\lib\resources.jar;C:\Program Files\Java\jdk1.8.0_241\jre\lib\rt.jar;C:\Program Files\Java\jdk1.8.0_241\jre\lib\sunrsasign.jar;C:\Program Files\Java\jdk1.8.0_241\jre\lib\jsse.jar;C:\Program Files\Java\jdk1.8.0_241\jre\lib\jce.jar;C:\Program Files\Java\jdk1.8.0_241\jre\lib\charsets.jar;C:\Program Files\Java\jdk1.8.0_241\jre\lib\jfr.jar;C:\Program Files\Java\jdk1.8.0_241\jre\classes"/>
    <property name="user.script" value=""/>
    <property name="sun.management.compiler" value="HotSpot 64-Bit Tiered Compilers"/>
    <property name="java.runtime.version" value="1.8.0_241-b07"/>
    <property name="user.name" value="sriram.muralidharan"/>
    <property name="path.separator" value=";"/>
    <property name="os.version" value="10.0"/>
    <property name="java.endorsed.dirs" value="C:\Program Files\Java\jdk1.8.0_241\jre\lib\endorsed"/>
    <property name="java.runtime.name" value="Java(TM) SE Runtime Environment"/>
    <property name="file.encoding" value="Cp1252"/>
    <property name="java.vm.name" value="Java HotSpot(TM) 64-Bit Server VM"/>
    <property name="localRepository" value="C:\Users\sriram.muralidharan\.m2\repository"/>
    <property name="java.vendor.url.bug" value="http://bugreport.sun.com/bugreport/"/>
    <property name="java.io.tmpdir" value="C:\Users\SRIRAM~1.MUR\AppData\Local\Temp\"/>
    <property name="java.version" value="1.8.0_241"/>
    <property name="user.dir" value="E:\UDEMY\workspace\learncamel-spring-boot"/>
    <property name="os.arch" value="amd64"/>
    <property name="java.vm.specification.name" value="Java Virtual Machine Specification"/>
    <property name="java.awt.printerjob" value="sun.awt.windows.WPrinterJob"/>
    <property name="sun.os.patch.level" value=""/>
    <property name="java.library.path" value="C:\Program Files\Java\jdk1.8.0_241\jre\bin;C:\WINDOWS\Sun\Java\bin;C:\WINDOWS\system32;C:\WINDOWS;C:\Program Files (x86)\Common Files\Oracle\Java\javapath;C:\Windows\System32;C:\Windows;C:\Windows\System32\wbem;C:\Windows\System32\WindowsPowerShell\v1.0\;C:\Windows\System32\OpenSSH\;E:\DX-EE-7.1.2.7-SDK\apache-maven-3.3.9\bin;E:\Bloomreach\apache-maven-3.6.0\\bin;E:\Gradle\gradle-2.14-rc-5\bin;C:\PROGRA~1\Java\JDK18~1.0_1\bin;C:\Python27;E:\GSA\apache-storm-1.0.3\bin;E:\GSA\zookeeper-3.4.6\bin;C:\Program Files\PuTTY\;C:\Program Files\Git\cmd;C:\Program Files\TortoiseGit\bin;C:\Program Files\dotnet\;C:\Program Files (x86)\MySQL\MySQL Fabric 1.5 &amp; MySQL Utilities 1.5\;C:\Program Files (x86)\MySQL\MySQL Fabric 1.5 &amp; MySQL Utilities 1.5\Doctrine extensions for PHP\;E:\SHOPIFY\THEMES\Theme Kit;C:\Users\sriram.muralidharan\AppData\Local\Microsoft\WindowsApps;;C:\Users\sriram.muralidharan\AppData\Local\Programs\Microsoft VS Code\bin;C:\Users\sriram.muralidharan\AppData\Local\Microsoft\WindowsApps;."/>
    <property name="java.vm.info" value="mixed mode"/>
    <property name="java.vendor" value="Oracle Corporation"/>
    <property name="java.vm.version" value="25.241-b07"/>
    <property name="java.ext.dirs" value="C:\Program Files\Java\jdk1.8.0_241\jre\lib\ext;C:\WINDOWS\Sun\Java\lib\ext"/>
    <property name="sun.io.unicode.encoding" value="UnicodeLittle"/>
    <property name="java.class.version" value="52.0"/>
  </properties>
  <testcase name="contextLoads" classname="com.learncamel.LearncamelSpringBootApplicationTests" time="0">
    <error message="Failed to load ApplicationContext" type="java.lang.IllegalStateException">java.lang.IllegalStateException: Failed to load ApplicationContext
Caused by: org.apache.camel.FailedToCreateRouteException: Failed to create route route1: Route(route1)[From[{{startRoutee}}] -> [Log[Timer invoked NO... because of Failed to resolve endpoint: timer://hello%20how%20are%20you?periods=10s due to: Failed to resolve endpoint: timer://hello%20how%20are%20you?periods=10s due to: There are 1 parameters that couldn't be set on the endpoint. Check the uri if the parameters are spelt correctly and that they are properties of the endpoint. Unknown parameters=[{periods=10s}]
Caused by: org.apache.camel.ResolveEndpointFailedException: Failed to resolve endpoint: timer://hello%20how%20are%20you?periods=10s due to: Failed to resolve endpoint: timer://hello%20how%20are%20you?periods=10s due to: There are 1 parameters that couldn't be set on the endpoint. Check the uri if the parameters are spelt correctly and that they are properties of the endpoint. Unknown parameters=[{periods=10s}]
Caused by: org.apache.camel.ResolveEndpointFailedException: Failed to resolve endpoint: timer://hello%20how%20are%20you?periods=10s due to: There are 1 parameters that couldn't be set on the endpoint. Check the uri if the parameters are spelt correctly and that they are properties of the endpoint. Unknown parameters=[{periods=10s}]
</error>
    <system-out><![CDATA[20:55:11.089 [main] DEBUG org.springframework.test.context.BootstrapUtils - Instantiating CacheAwareContextLoaderDelegate from class [org.springframework.test.context.cache.DefaultCacheAwareContextLoaderDelegate]
20:55:11.121 [main] DEBUG org.springframework.test.context.BootstrapUtils - Instantiating BootstrapContext using constructor [public org.springframework.test.context.support.DefaultBootstrapContext(java.lang.Class,org.springframework.test.context.CacheAwareContextLoaderDelegate)]
20:55:11.167 [main] DEBUG org.springframework.test.context.BootstrapUtils - Instantiating TestContextBootstrapper for test class [com.learncamel.LearncamelSpringBootApplicationTests] from class [org.springframework.boot.test.context.SpringBootTestContextBootstrapper]
20:55:11.199 [main] INFO org.springframework.boot.test.context.SpringBootTestContextBootstrapper - Neither @ContextConfiguration nor @ContextHierarchy found for test class [com.learncamel.LearncamelSpringBootApplicationTests], using SpringBootContextLoader
20:55:11.214 [main] DEBUG org.springframework.test.context.support.AbstractContextLoader - Did not detect default resource location for test class [com.learncamel.LearncamelSpringBootApplicationTests]: class path resource [com/learncamel/LearncamelSpringBootApplicationTests-context.xml] does not exist
20:55:11.214 [main] DEBUG org.springframework.test.context.support.AbstractContextLoader - Did not detect default resource location for test class [com.learncamel.LearncamelSpringBootApplicationTests]: class path resource [com/learncamel/LearncamelSpringBootApplicationTestsContext.groovy] does not exist
20:55:11.214 [main] INFO org.springframework.test.context.support.AbstractContextLoader - Could not detect default resource locations for test class [com.learncamel.LearncamelSpringBootApplicationTests]: no resource found for suffixes {-context.xml, Context.groovy}.
20:55:11.214 [main] INFO org.springframework.test.context.support.AnnotationConfigContextLoaderUtils - Could not detect default configuration classes for test class [com.learncamel.LearncamelSpringBootApplicationTests]: LearncamelSpringBootApplicationTests does not declare any static, non-private, non-final, nested classes annotated with @Configuration.
20:55:11.308 [main] DEBUG org.springframework.test.context.support.ActiveProfilesUtils - Could not find an 'annotation declaring class' for annotation type [org.springframework.test.context.ActiveProfiles] and class [com.learncamel.LearncamelSpringBootApplicationTests]
20:55:11.464 [main] DEBUG org.springframework.context.annotation.ClassPathScanningCandidateComponentProvider - Identified candidate component class: file [E:\UDEMY\workspace\learncamel-spring-boot\target\classes\com\learncamel\LearncamelSpringBootApplication.class]
20:55:11.480 [main] INFO org.springframework.boot.test.context.SpringBootTestContextBootstrapper - Found @SpringBootConfiguration com.learncamel.LearncamelSpringBootApplication for test class com.learncamel.LearncamelSpringBootApplicationTests
20:55:11.665 [main] DEBUG org.springframework.boot.test.context.SpringBootTestContextBootstrapper - @TestExecutionListeners is not present for class [com.learncamel.LearncamelSpringBootApplicationTests]: using defaults.
20:55:11.667 [main] INFO org.springframework.boot.test.context.SpringBootTestContextBootstrapper - Loaded default TestExecutionListener class names from location [META-INF/spring.factories]: [org.springframework.boot.test.mock.mockito.MockitoTestExecutionListener, org.springframework.boot.test.mock.mockito.ResetMocksTestExecutionListener, org.springframework.boot.test.autoconfigure.restdocs.RestDocsTestExecutionListener, org.springframework.boot.test.autoconfigure.web.client.MockRestServiceServerResetTestExecutionListener, org.springframework.boot.test.autoconfigure.web.servlet.MockMvcPrintOnlyOnFailureTestExecutionListener, org.springframework.boot.test.autoconfigure.web.servlet.WebDriverTestExecutionListener, org.springframework.boot.test.autoconfigure.webservices.client.MockWebServiceServerTestExecutionListener, org.springframework.test.context.web.ServletTestExecutionListener, org.springframework.test.context.support.DirtiesContextBeforeModesTestExecutionListener, org.springframework.test.context.support.DependencyInjectionTestExecutionListener, org.springframework.test.context.support.DirtiesContextTestExecutionListener, org.springframework.test.context.transaction.TransactionalTestExecutionListener, org.springframework.test.context.jdbc.SqlScriptsTestExecutionListener, org.springframework.test.context.event.EventPublishingTestExecutionListener]
20:55:11.729 [main] INFO org.springframework.boot.test.context.SpringBootTestContextBootstrapper - Using TestExecutionListeners: [org.springframework.test.context.web.ServletTestExecutionListener@1ed4ae0f, org.springframework.test.context.support.DirtiesContextBeforeModesTestExecutionListener@54c5a2ff, org.springframework.boot.test.mock.mockito.MockitoTestExecutionListener@6d4d66d2, org.springframework.boot.test.autoconfigure.SpringBootDependencyInjectionTestExecutionListener@2a265ea9, org.springframework.test.context.support.DirtiesContextTestExecutionListener@11392934, org.springframework.test.context.transaction.TransactionalTestExecutionListener@6892b3b6, org.springframework.test.context.jdbc.SqlScriptsTestExecutionListener@6e6f2380, org.springframework.test.context.event.EventPublishingTestExecutionListener@76a4ebf2, org.springframework.boot.test.mock.mockito.ResetMocksTestExecutionListener@2e8c1c9b, org.springframework.boot.test.autoconfigure.restdocs.RestDocsTestExecutionListener@53fe15ff, org.springframework.boot.test.autoconfigure.web.client.MockRestServiceServerResetTestExecutionListener@449a4f23, org.springframework.boot.test.autoconfigure.web.servlet.MockMvcPrintOnlyOnFailureTestExecutionListener@1530c739, org.springframework.boot.test.autoconfigure.web.servlet.WebDriverTestExecutionListener@5b1669c0, org.springframework.boot.test.autoconfigure.webservices.client.MockWebServiceServerTestExecutionListener@78e4deb0]
20:55:11.741 [main] DEBUG org.springframework.test.context.support.AbstractDirtiesContextTestExecutionListener - Before test class: context [DefaultTestContext@248e319b testClass = LearncamelSpringBootApplicationTests, testInstance = [null], testMethod = [null], testException = [null], mergedContextConfiguration = [WebMergedContextConfiguration@5d0bf09b testClass = LearncamelSpringBootApplicationTests, locations = '{}', classes = '{class com.learncamel.LearncamelSpringBootApplication}', contextInitializerClasses = '[]', activeProfiles = '{}', propertySourceLocations = '{}', propertySourceProperties = '{org.springframework.boot.test.context.SpringBootTestContextBootstrapper=true}', contextCustomizers = set[org.springframework.boot.test.context.filter.ExcludeFilterContextCustomizer@28eaa59a, org.springframework.boot.test.json.DuplicateJsonObjectContextCustomizerFactory$DuplicateJsonObjectContextCustomizer@41fbdac4, org.springframework.boot.test.mock.mockito.MockitoContextCustomizer@0, org.springframework.boot.test.web.client.TestRestTemplateContextCustomizer@192d43ce, org.springframework.boot.test.autoconfigure.properties.PropertyMappingContextCustomizer@0, org.springframework.boot.test.autoconfigure.web.servlet.WebDriverContextCustomizerFactory$Customizer@8dbdac1, org.springframework.boot.test.context.SpringBootTestArgs@1], resourceBasePath = 'src/main/webapp', contextLoader = 'org.springframework.boot.test.context.SpringBootContextLoader', parent = [null]], attributes = map['org.springframework.test.context.web.ServletTestExecutionListener.activateListener' -> true]], class annotated with @DirtiesContext [false] with mode [null].
20:55:11.782 [main] DEBUG org.springframework.test.context.support.TestPropertySourceUtils - Adding inlined properties to environment: {spring.jmx.enabled=false, org.springframework.boot.test.context.SpringBootTestContextBootstrapper=true}

  .   ____          _            __ _ _
 /\\ / ___'_ __ _ _(_)_ __  __ _ \ \ \ \
( ( )\___ | '_ | '_| | '_ \/ _` | \ \ \ \
 \\/  ___)| |_)| | | | | || (_| |  ) ) ) )
  '  |____| .__|_| |_|_| |_\__, | / / / /
 =========|_|==============|___/=/_/_/_/
 :: Spring Boot ::        (v2.3.2.RELEASE)

2020-08-19 20:55:12.786  INFO 24936 --- [           main] c.l.LearncamelSpringBootApplicationTests : Starting LearncamelSpringBootApplicationTests on TEMPWIN050 with PID 24936 (started by sriram.muralidharan in E:\UDEMY\workspace\learncamel-spring-boot)
2020-08-19 20:55:12.786  INFO 24936 --- [           main] c.l.LearncamelSpringBootApplicationTests : The following profiles are active: dev
2020-08-19 20:55:14.479  INFO 24936 --- [           main] trationDelegate$BeanPostProcessorChecker : Bean 'org.apache.camel.spring.boot.CamelAutoConfiguration' of type [org.apache.camel.spring.boot.CamelAutoConfiguration] is not eligible for getting processed by all BeanPostProcessors (for example: not eligible for auto-proxying)
2020-08-19 20:55:15.827  INFO 24936 --- [           main] o.s.s.concurrent.ThreadPoolTaskExecutor  : Initializing ExecutorService 'applicationTaskExecutor'
2020-08-19 20:55:16.452  INFO 24936 --- [           main] o.apache.camel.support.LRUCacheFactory   : Detected and using LRUCacheFactory: camel-caffeine-lrucache
2020-08-19 20:55:16.530  WARN 24936 --- [           main] o.a.c.i.e.DefaultCamelBeanPostProcessor  : No CamelContext defined yet so cannot inject into bean: org.apache.camel.impl.health.DefaultHealthCheckRegistry
2020-08-19 20:55:17.389  INFO 24936 --- [           main] o.a.c.i.e.BaseExecutorServiceManager     : Using custom DefaultThreadPoolProfile: ThreadPoolProfile[default (true) size:20-20, keepAlive:60 SECONDS, maxQueue:1000, allowCoreThreadTimeOut:true, rejectedPolicy:CallerRuns]
2020-08-19 20:55:17.780  INFO 24936 --- [           main] o.a.c.s.boot.SpringBootRoutesCollector   : Loading additional Camel XML routes from: classpath:camel/*.xml
2020-08-19 20:55:17.780  INFO 24936 --- [           main] o.a.c.s.boot.SpringBootRoutesCollector   : Loading additional Camel XML rests from: classpath:camel-rest/*.xml
2020-08-19 20:55:18.045  INFO 24936 --- [           main] ConditionEvaluationReportLoggingListener : 

Error starting ApplicationContext. To display the conditions report re-run your application with 'debug' enabled.
2020-08-19 20:55:18.061 ERROR 24936 --- [           main] o.s.boot.SpringApplication               : Application run failed

org.apache.camel.FailedToCreateRouteException: Failed to create route route1: Route(route1)[From[{{startRoutee}}] -> [Log[Timer invoked NO... because of Failed to resolve endpoint: timer://hello%20how%20are%20you?periods=10s due to: Failed to resolve endpoint: timer://hello%20how%20are%20you?periods=10s due to: There are 1 parameters that couldn't be set on the endpoint. Check the uri if the parameters are spelt correctly and that they are properties of the endpoint. Unknown parameters=[{periods=10s}]
	at org.apache.camel.reifier.RouteReifier.createRoute(RouteReifier.java:123) ~[camel-core-engine-3.4.2.jar:3.4.2]
	at org.apache.camel.impl.DefaultCamelContext.startRouteDefinitions(DefaultCamelContext.java:368) ~[camel-core-engine-3.4.2.jar:3.4.2]
	at org.apache.camel.impl.DefaultCamelContext.startRouteDefinitions(DefaultCamelContext.java:342) ~[camel-core-engine-3.4.2.jar:3.4.2]
	at org.apache.camel.impl.engine.AbstractCamelContext.doInit(AbstractCamelContext.java:2612) ~[camel-base-3.4.2.jar:3.4.2]
	at org.apache.camel.support.service.BaseService.init(BaseService.java:83) ~[camel-api-3.4.2.jar:3.4.2]
	at org.apache.camel.impl.engine.AbstractCamelContext.init(AbstractCamelContext.java:2435) ~[camel-base-3.4.2.jar:3.4.2]
	at org.apache.camel.support.service.BaseService.start(BaseService.java:111) ~[camel-api-3.4.2.jar:3.4.2]
	at org.apache.camel.impl.engine.AbstractCamelContext.start(AbstractCamelContext.java:2452) ~[camel-base-3.4.2.jar:3.4.2]
	at org.apache.camel.spring.SpringCamelContext.start(SpringCamelContext.java:121) ~[camel-spring-3.4.2.jar:3.4.2]
	at org.apache.camel.spring.SpringCamelContext.onApplicationEvent(SpringCamelContext.java:157) ~[camel-spring-3.4.2.jar:3.4.2]
	at org.springframework.context.event.SimpleApplicationEventMulticaster.doInvokeListener(SimpleApplicationEventMulticaster.java:172) ~[spring-context-5.2.8.RELEASE.jar:5.2.8.RELEASE]
	at org.springframework.context.event.SimpleApplicationEventMulticaster.invokeListener(SimpleApplicationEventMulticaster.java:165) ~[spring-context-5.2.8.RELEASE.jar:5.2.8.RELEASE]
	at org.springframework.context.event.SimpleApplicationEventMulticaster.multicastEvent(SimpleApplicationEventMulticaster.java:139) ~[spring-context-5.2.8.RELEASE.jar:5.2.8.RELEASE]
	at org.springframework.context.support.AbstractApplicationContext.publishEvent(AbstractApplicationContext.java:404) ~[spring-context-5.2.8.RELEASE.jar:5.2.8.RELEASE]
	at org.springframework.context.support.AbstractApplicationContext.publishEvent(AbstractApplicationContext.java:361) ~[spring-context-5.2.8.RELEASE.jar:5.2.8.RELEASE]
	at org.springframework.context.support.AbstractApplicationContext.finishRefresh(AbstractApplicationContext.java:898) ~[spring-context-5.2.8.RELEASE.jar:5.2.8.RELEASE]
	at org.springframework.context.support.AbstractApplicationContext.refresh(AbstractApplicationContext.java:554) ~[spring-context-5.2.8.RELEASE.jar:5.2.8.RELEASE]
	at org.springframework.boot.SpringApplication.refresh(SpringApplication.java:758) ~[spring-boot-2.3.2.RELEASE.jar:2.3.2.RELEASE]
	at org.springframework.boot.SpringApplication.refresh(SpringApplication.java:750) ~[spring-boot-2.3.2.RELEASE.jar:2.3.2.RELEASE]
	at org.springframework.boot.SpringApplication.refreshContext(SpringApplication.java:397) ~[spring-boot-2.3.2.RELEASE.jar:2.3.2.RELEASE]
	at org.springframework.boot.SpringApplication.run(SpringApplication.java:315) ~[spring-boot-2.3.2.RELEASE.jar:2.3.2.RELEASE]
	at org.springframework.boot.test.context.SpringBootContextLoader.loadContext(SpringBootContextLoader.java:120) [spring-boot-test-2.3.2.RELEASE.jar:2.3.2.RELEASE]
	at org.springframework.test.context.cache.DefaultCacheAwareContextLoaderDelegate.loadContextInternal(DefaultCacheAwareContextLoaderDelegate.java:99) [spring-test-5.2.8.RELEASE.jar:5.2.8.RELEASE]
	at org.springframework.test.context.cache.DefaultCacheAwareContextLoaderDelegate.loadContext(DefaultCacheAwareContextLoaderDelegate.java:124) [spring-test-5.2.8.RELEASE.jar:5.2.8.RELEASE]
	at org.springframework.test.context.support.DefaultTestContext.getApplicationContext(DefaultTestContext.java:123) [spring-test-5.2.8.RELEASE.jar:5.2.8.RELEASE]
	at org.springframework.test.context.web.ServletTestExecutionListener.setUpRequestContextIfNecessary(ServletTestExecutionListener.java:190) [spring-test-5.2.8.RELEASE.jar:5.2.8.RELEASE]
	at org.springframework.test.context.web.ServletTestExecutionListener.prepareTestInstance(ServletTestExecutionListener.java:132) [spring-test-5.2.8.RELEASE.jar:5.2.8.RELEASE]
	at org.springframework.test.context.TestContextManager.prepareTestInstance(TestContextManager.java:244) [spring-test-5.2.8.RELEASE.jar:5.2.8.RELEASE]
	at org.springframework.test.context.junit.jupiter.SpringExtension.postProcessTestInstance(SpringExtension.java:98) [spring-test-5.2.8.RELEASE.jar:5.2.8.RELEASE]
	at org.junit.jupiter.engine.descriptor.ClassBasedTestDescriptor.lambda$invokeTestInstancePostProcessors$5(ClassBasedTestDescriptor.java:341) [junit-jupiter-engine-5.6.2.jar:5.6.2]
	at org.junit.jupiter.engine.descriptor.ClassBasedTestDescriptor.executeAndMaskThrowable(ClassBasedTestDescriptor.java:346) [junit-jupiter-engine-5.6.2.jar:5.6.2]
	at org.junit.jupiter.engine.descriptor.ClassBasedTestDescriptor.lambda$invokeTestInstancePostProcessors$6(ClassBasedTestDescriptor.java:341) [junit-jupiter-engine-5.6.2.jar:5.6.2]
	at java.util.stream.ReferencePipeline$3$1.accept(ReferencePipeline.java:193) ~[na:1.8.0_241]
	at java.util.stream.ReferencePipeline$2$1.accept(ReferencePipeline.java:175) ~[na:1.8.0_241]
	at java.util.ArrayList$ArrayListSpliterator.forEachRemaining(ArrayList.java:1382) ~[na:1.8.0_241]
	at java.util.stream.AbstractPipeline.copyInto(AbstractPipeline.java:482) ~[na:1.8.0_241]
	at java.util.stream.AbstractPipeline.wrapAndCopyInto(AbstractPipeline.java:472) ~[na:1.8.0_241]
	at java.util.stream.StreamSpliterators$WrappingSpliterator.forEachRemaining(StreamSpliterators.java:312) ~[na:1.8.0_241]
	at java.util.stream.Streams$ConcatSpliterator.forEachRemaining(Streams.java:743) ~[na:1.8.0_241]
	at java.util.stream.Streams$ConcatSpliterator.forEachRemaining(Streams.java:742) ~[na:1.8.0_241]
	at java.util.stream.ReferencePipeline$Head.forEach(ReferencePipeline.java:580) ~[na:1.8.0_241]
	at org.junit.jupiter.engine.descriptor.ClassBasedTestDescriptor.invokeTestInstancePostProcessors(ClassBasedTestDescriptor.java:340) [junit-jupiter-engine-5.6.2.jar:5.6.2]
	at org.junit.jupiter.engine.descriptor.ClassBasedTestDescriptor.instantiateAndPostProcessTestInstance(ClassBasedTestDescriptor.java:263) [junit-jupiter-engine-5.6.2.jar:5.6.2]
	at org.junit.jupiter.engine.descriptor.ClassBasedTestDescriptor.lambda$testInstancesProvider$2(ClassBasedTestDescriptor.java:256) [junit-jupiter-engine-5.6.2.jar:5.6.2]
	at java.util.Optional.orElseGet(Optional.java:267) ~[na:1.8.0_241]
	at org.junit.jupiter.engine.descriptor.ClassBasedTestDescriptor.lambda$testInstancesProvider$3(ClassBasedTestDescriptor.java:255) [junit-jupiter-engine-5.6.2.jar:5.6.2]
	at org.junit.jupiter.engine.execution.TestInstancesProvider.getTestInstances(TestInstancesProvider.java:29) ~[junit-jupiter-engine-5.6.2.jar:5.6.2]
	at org.junit.jupiter.engine.descriptor.TestMethodTestDescriptor.lambda$prepare$0(TestMethodTestDescriptor.java:108) ~[junit-jupiter-engine-5.6.2.jar:5.6.2]
	at org.junit.platform.engine.support.hierarchical.ThrowableCollector.execute(ThrowableCollector.java:73) ~[junit-platform-engine-1.6.2.jar:1.6.2]
	at org.junit.jupiter.engine.descriptor.TestMethodTestDescriptor.prepare(TestMethodTestDescriptor.java:107) ~[junit-jupiter-engine-5.6.2.jar:5.6.2]
	at org.junit.jupiter.engine.descriptor.TestMethodTestDescriptor.prepare(TestMethodTestDescriptor.java:71) ~[junit-jupiter-engine-5.6.2.jar:5.6.2]
	at org.junit.platform.engine.support.hierarchical.NodeTestTask.lambda$prepare$1(NodeTestTask.java:107) ~[junit-platform-engine-1.6.2.jar:1.6.2]
	at org.junit.platform.engine.support.hierarchical.ThrowableCollector.execute(ThrowableCollector.java:73) ~[junit-platform-engine-1.6.2.jar:1.6.2]
	at org.junit.platform.engine.support.hierarchical.NodeTestTask.prepare(NodeTestTask.java:107) ~[junit-platform-engine-1.6.2.jar:1.6.2]
	at org.junit.platform.engine.support.hierarchical.NodeTestTask.execute(NodeTestTask.java:75) ~[junit-platform-engine-1.6.2.jar:1.6.2]
	at java.util.ArrayList.forEach(ArrayList.java:1257) ~[na:1.8.0_241]
	at org.junit.platform.engine.support.hierarchical.SameThreadHierarchicalTestExecutorService.invokeAll(SameThreadHierarchicalTestExecutorService.java:38) ~[junit-platform-engine-1.6.2.jar:1.6.2]
	at org.junit.platform.engine.support.hierarchical.NodeTestTask.lambda$executeRecursively$5(NodeTestTask.java:139) ~[junit-platform-engine-1.6.2.jar:1.6.2]
	at org.junit.platform.engine.support.hierarchical.ThrowableCollector.execute(ThrowableCollector.java:73) ~[junit-platform-engine-1.6.2.jar:1.6.2]
	at org.junit.platform.engine.support.hierarchical.NodeTestTask.lambda$executeRecursively$7(NodeTestTask.java:125) ~[junit-platform-engine-1.6.2.jar:1.6.2]
	at org.junit.platform.engine.support.hierarchical.Node.around(Node.java:135) ~[junit-platform-engine-1.6.2.jar:1.6.2]
	at org.junit.platform.engine.support.hierarchical.NodeTestTask.lambda$executeRecursively$8(NodeTestTask.java:123) ~[junit-platform-engine-1.6.2.jar:1.6.2]
	at org.junit.platform.engine.support.hierarchical.ThrowableCollector.execute(ThrowableCollector.java:73) ~[junit-platform-engine-1.6.2.jar:1.6.2]
	at org.junit.platform.engine.support.hierarchical.NodeTestTask.executeRecursively(NodeTestTask.java:122) ~[junit-platform-engine-1.6.2.jar:1.6.2]
	at org.junit.platform.engine.support.hierarchical.NodeTestTask.execute(NodeTestTask.java:80) ~[junit-platform-engine-1.6.2.jar:1.6.2]
	at java.util.ArrayList.forEach(ArrayList.java:1257) ~[na:1.8.0_241]
	at org.junit.platform.engine.support.hierarchical.SameThreadHierarchicalTestExecutorService.invokeAll(SameThreadHierarchicalTestExecutorService.java:38) ~[junit-platform-engine-1.6.2.jar:1.6.2]
	at org.junit.platform.engine.support.hierarchical.NodeTestTask.lambda$executeRecursively$5(NodeTestTask.java:139) ~[junit-platform-engine-1.6.2.jar:1.6.2]
	at org.junit.platform.engine.support.hierarchical.ThrowableCollector.execute(ThrowableCollector.java:73) ~[junit-platform-engine-1.6.2.jar:1.6.2]
	at org.junit.platform.engine.support.hierarchical.NodeTestTask.lambda$executeRecursively$7(NodeTestTask.java:125) ~[junit-platform-engine-1.6.2.jar:1.6.2]
	at org.junit.platform.engine.support.hierarchical.Node.around(Node.java:135) ~[junit-platform-engine-1.6.2.jar:1.6.2]
	at org.junit.platform.engine.support.hierarchical.NodeTestTask.lambda$executeRecursively$8(NodeTestTask.java:123) ~[junit-platform-engine-1.6.2.jar:1.6.2]
	at org.junit.platform.engine.support.hierarchical.ThrowableCollector.execute(ThrowableCollector.java:73) ~[junit-platform-engine-1.6.2.jar:1.6.2]
	at org.junit.platform.engine.support.hierarchical.NodeTestTask.executeRecursively(NodeTestTask.java:122) ~[junit-platform-engine-1.6.2.jar:1.6.2]
	at org.junit.platform.engine.support.hierarchical.NodeTestTask.execute(NodeTestTask.java:80) ~[junit-platform-engine-1.6.2.jar:1.6.2]
	at org.junit.platform.engine.support.hierarchical.SameThreadHierarchicalTestExecutorService.submit(SameThreadHierarchicalTestExecutorService.java:32) ~[junit-platform-engine-1.6.2.jar:1.6.2]
	at org.junit.platform.engine.support.hierarchical.HierarchicalTestExecutor.execute(HierarchicalTestExecutor.java:57) ~[junit-platform-engine-1.6.2.jar:1.6.2]
	at org.junit.platform.engine.support.hierarchical.HierarchicalTestEngine.execute(HierarchicalTestEngine.java:51) ~[junit-platform-engine-1.6.2.jar:1.6.2]
	at org.junit.platform.launcher.core.DefaultLauncher.execute(DefaultLauncher.java:220) ~[junit-platform-launcher-1.3.1.jar:1.3.1]
	at org.junit.platform.launcher.core.DefaultLauncher.lambda$execute$6(DefaultLauncher.java:188) ~[junit-platform-launcher-1.3.1.jar:1.3.1]
	at org.junit.platform.launcher.core.DefaultLauncher.withInterceptedStreams(DefaultLauncher.java:202) ~[junit-platform-launcher-1.3.1.jar:1.3.1]
	at org.junit.platform.launcher.core.DefaultLauncher.execute(DefaultLauncher.java:181) ~[junit-platform-launcher-1.3.1.jar:1.3.1]
	at org.junit.platform.launcher.core.DefaultLauncher.execute(DefaultLauncher.java:128) ~[junit-platform-launcher-1.3.1.jar:1.3.1]
	at org.apache.maven.surefire.junitplatform.JUnitPlatformProvider.invokeAllTests(JUnitPlatformProvider.java:150) ~[surefire-junit-platform-2.22.2.jar:2.22.2]
	at org.apache.maven.surefire.junitplatform.JUnitPlatformProvider.invoke(JUnitPlatformProvider.java:124) ~[surefire-junit-platform-2.22.2.jar:2.22.2]
	at org.apache.maven.surefire.booter.ForkedBooter.invokeProviderInSameClassLoader(ForkedBooter.java:384) ~[surefire-booter-2.22.2.jar:2.22.2]
	at org.apache.maven.surefire.booter.ForkedBooter.runSuitesInProcess(ForkedBooter.java:345) ~[surefire-booter-2.22.2.jar:2.22.2]
	at org.apache.maven.surefire.booter.ForkedBooter.execute(ForkedBooter.java:126) ~[surefire-booter-2.22.2.jar:2.22.2]
	at org.apache.maven.surefire.booter.ForkedBooter.main(ForkedBooter.java:418) ~[surefire-booter-2.22.2.jar:2.22.2]
Caused by: org.apache.camel.ResolveEndpointFailedException: Failed to resolve endpoint: timer://hello%20how%20are%20you?periods=10s due to: Failed to resolve endpoint: timer://hello%20how%20are%20you?periods=10s due to: There are 1 parameters that couldn't be set on the endpoint. Check the uri if the parameters are spelt correctly and that they are properties of the endpoint. Unknown parameters=[{periods=10s}]
	at org.apache.camel.impl.engine.AbstractCamelContext.doGetEndpoint(AbstractCamelContext.java:878) ~[camel-base-3.4.2.jar:3.4.2]
	at org.apache.camel.impl.engine.AbstractCamelContext.getEndpoint(AbstractCamelContext.java:768) ~[camel-base-3.4.2.jar:3.4.2]
	at org.apache.camel.support.CamelContextHelper.getMandatoryEndpoint(CamelContextHelper.java:58) ~[camel-support-3.4.2.jar:3.4.2]
	at org.apache.camel.reifier.AbstractReifier.resolveEndpoint(AbstractReifier.java:177) ~[camel-core-engine-3.4.2.jar:3.4.2]
	at org.apache.camel.reifier.RouteReifier.doCreateRoute(RouteReifier.java:259) ~[camel-core-engine-3.4.2.jar:3.4.2]
	at org.apache.camel.reifier.RouteReifier.createRoute(RouteReifier.java:117) ~[camel-core-engine-3.4.2.jar:3.4.2]
	... 88 common frames omitted
Caused by: org.apache.camel.ResolveEndpointFailedException: Failed to resolve endpoint: timer://hello%20how%20are%20you?periods=10s due to: There are 1 parameters that couldn't be set on the endpoint. Check the uri if the parameters are spelt correctly and that they are properties of the endpoint. Unknown parameters=[{periods=10s}]
	at org.apache.camel.support.DefaultComponent.validateParameters(DefaultComponent.java:355) ~[camel-support-3.4.2.jar:3.4.2]
	at org.apache.camel.support.DefaultComponent.createEndpoint(DefaultComponent.java:258) ~[camel-support-3.4.2.jar:3.4.2]
	at org.apache.camel.impl.engine.AbstractCamelContext.doGetEndpoint(AbstractCamelContext.java:846) ~[camel-base-3.4.2.jar:3.4.2]
	... 93 common frames omitted

2020-08-19 20:55:18.077  INFO 24936 --- [           main] o.s.s.concurrent.ThreadPoolTaskExecutor  : Shutting down ExecutorService 'applicationTaskExecutor'
2020-08-19 20:55:18.077 ERROR 24936 --- [           main] o.s.test.context.TestContextManager      : Caught exception while allowing TestExecutionListener [org.springframework.test.context.web.ServletTestExecutionListener@1ed4ae0f] to prepare test instance [com.learncamel.LearncamelSpringBootApplicationTests@3f1a4795]

java.lang.IllegalStateException: Failed to load ApplicationContext
	at org.springframework.test.context.cache.DefaultCacheAwareContextLoaderDelegate.loadContext(DefaultCacheAwareContextLoaderDelegate.java:132) ~[spring-test-5.2.8.RELEASE.jar:5.2.8.RELEASE]
	at org.springframework.test.context.support.DefaultTestContext.getApplicationContext(DefaultTestContext.java:123) ~[spring-test-5.2.8.RELEASE.jar:5.2.8.RELEASE]
	at org.springframework.test.context.web.ServletTestExecutionListener.setUpRequestContextIfNecessary(ServletTestExecutionListener.java:190) ~[spring-test-5.2.8.RELEASE.jar:5.2.8.RELEASE]
	at org.springframework.test.context.web.ServletTestExecutionListener.prepareTestInstance(ServletTestExecutionListener.java:132) ~[spring-test-5.2.8.RELEASE.jar:5.2.8.RELEASE]
	at org.springframework.test.context.TestContextManager.prepareTestInstance(TestContextManager.java:244) ~[spring-test-5.2.8.RELEASE.jar:5.2.8.RELEASE]
	at org.springframework.test.context.junit.jupiter.SpringExtension.postProcessTestInstance(SpringExtension.java:98) [spring-test-5.2.8.RELEASE.jar:5.2.8.RELEASE]
	at org.junit.jupiter.engine.descriptor.ClassBasedTestDescriptor.lambda$invokeTestInstancePostProcessors$5(ClassBasedTestDescriptor.java:341) [junit-jupiter-engine-5.6.2.jar:5.6.2]
	at org.junit.jupiter.engine.descriptor.ClassBasedTestDescriptor.executeAndMaskThrowable(ClassBasedTestDescriptor.java:346) [junit-jupiter-engine-5.6.2.jar:5.6.2]
	at org.junit.jupiter.engine.descriptor.ClassBasedTestDescriptor.lambda$invokeTestInstancePostProcessors$6(ClassBasedTestDescriptor.java:341) [junit-jupiter-engine-5.6.2.jar:5.6.2]
	at java.util.stream.ReferencePipeline$3$1.accept(ReferencePipeline.java:193) ~[na:1.8.0_241]
	at java.util.stream.ReferencePipeline$2$1.accept(ReferencePipeline.java:175) ~[na:1.8.0_241]
	at java.util.ArrayList$ArrayListSpliterator.forEachRemaining(ArrayList.java:1382) ~[na:1.8.0_241]
	at java.util.stream.AbstractPipeline.copyInto(AbstractPipeline.java:482) ~[na:1.8.0_241]
	at java.util.stream.AbstractPipeline.wrapAndCopyInto(AbstractPipeline.java:472) ~[na:1.8.0_241]
	at java.util.stream.StreamSpliterators$WrappingSpliterator.forEachRemaining(StreamSpliterators.java:312) ~[na:1.8.0_241]
	at java.util.stream.Streams$ConcatSpliterator.forEachRemaining(Streams.java:743) ~[na:1.8.0_241]
	at java.util.stream.Streams$ConcatSpliterator.forEachRemaining(Streams.java:742) ~[na:1.8.0_241]
	at java.util.stream.ReferencePipeline$Head.forEach(ReferencePipeline.java:580) ~[na:1.8.0_241]
	at org.junit.jupiter.engine.descriptor.ClassBasedTestDescriptor.invokeTestInstancePostProcessors(ClassBasedTestDescriptor.java:340) [junit-jupiter-engine-5.6.2.jar:5.6.2]
	at org.junit.jupiter.engine.descriptor.ClassBasedTestDescriptor.instantiateAndPostProcessTestInstance(ClassBasedTestDescriptor.java:263) [junit-jupiter-engine-5.6.2.jar:5.6.2]
	at org.junit.jupiter.engine.descriptor.ClassBasedTestDescriptor.lambda$testInstancesProvider$2(ClassBasedTestDescriptor.java:256) [junit-jupiter-engine-5.6.2.jar:5.6.2]
	at java.util.Optional.orElseGet(Optional.java:267) ~[na:1.8.0_241]
	at org.junit.jupiter.engine.descriptor.ClassBasedTestDescriptor.lambda$testInstancesProvider$3(ClassBasedTestDescriptor.java:255) [junit-jupiter-engine-5.6.2.jar:5.6.2]
	at org.junit.jupiter.engine.execution.TestInstancesProvider.getTestInstances(TestInstancesProvider.java:29) ~[junit-jupiter-engine-5.6.2.jar:5.6.2]
	at org.junit.jupiter.engine.descriptor.TestMethodTestDescriptor.lambda$prepare$0(TestMethodTestDescriptor.java:108) ~[junit-jupiter-engine-5.6.2.jar:5.6.2]
	at org.junit.platform.engine.support.hierarchical.ThrowableCollector.execute(ThrowableCollector.java:73) ~[junit-platform-engine-1.6.2.jar:1.6.2]
	at org.junit.jupiter.engine.descriptor.TestMethodTestDescriptor.prepare(TestMethodTestDescriptor.java:107) ~[junit-jupiter-engine-5.6.2.jar:5.6.2]
	at org.junit.jupiter.engine.descriptor.TestMethodTestDescriptor.prepare(TestMethodTestDescriptor.java:71) ~[junit-jupiter-engine-5.6.2.jar:5.6.2]
	at org.junit.platform.engine.support.hierarchical.NodeTestTask.lambda$prepare$1(NodeTestTask.java:107) ~[junit-platform-engine-1.6.2.jar:1.6.2]
	at org.junit.platform.engine.support.hierarchical.ThrowableCollector.execute(ThrowableCollector.java:73) ~[junit-platform-engine-1.6.2.jar:1.6.2]
	at org.junit.platform.engine.support.hierarchical.NodeTestTask.prepare(NodeTestTask.java:107) ~[junit-platform-engine-1.6.2.jar:1.6.2]
	at org.junit.platform.engine.support.hierarchical.NodeTestTask.execute(NodeTestTask.java:75) ~[junit-platform-engine-1.6.2.jar:1.6.2]
	at java.util.ArrayList.forEach(ArrayList.java:1257) ~[na:1.8.0_241]
	at org.junit.platform.engine.support.hierarchical.SameThreadHierarchicalTestExecutorService.invokeAll(SameThreadHierarchicalTestExecutorService.java:38) ~[junit-platform-engine-1.6.2.jar:1.6.2]
	at org.junit.platform.engine.support.hierarchical.NodeTestTask.lambda$executeRecursively$5(NodeTestTask.java:139) ~[junit-platform-engine-1.6.2.jar:1.6.2]
	at org.junit.platform.engine.support.hierarchical.ThrowableCollector.execute(ThrowableCollector.java:73) ~[junit-platform-engine-1.6.2.jar:1.6.2]
	at org.junit.platform.engine.support.hierarchical.NodeTestTask.lambda$executeRecursively$7(NodeTestTask.java:125) ~[junit-platform-engine-1.6.2.jar:1.6.2]
	at org.junit.platform.engine.support.hierarchical.Node.around(Node.java:135) ~[junit-platform-engine-1.6.2.jar:1.6.2]
	at org.junit.platform.engine.support.hierarchical.NodeTestTask.lambda$executeRecursively$8(NodeTestTask.java:123) ~[junit-platform-engine-1.6.2.jar:1.6.2]
	at org.junit.platform.engine.support.hierarchical.ThrowableCollector.execute(ThrowableCollector.java:73) ~[junit-platform-engine-1.6.2.jar:1.6.2]
	at org.junit.platform.engine.support.hierarchical.NodeTestTask.executeRecursively(NodeTestTask.java:122) ~[junit-platform-engine-1.6.2.jar:1.6.2]
	at org.junit.platform.engine.support.hierarchical.NodeTestTask.execute(NodeTestTask.java:80) ~[junit-platform-engine-1.6.2.jar:1.6.2]
	at java.util.ArrayList.forEach(ArrayList.java:1257) ~[na:1.8.0_241]
	at org.junit.platform.engine.support.hierarchical.SameThreadHierarchicalTestExecutorService.invokeAll(SameThreadHierarchicalTestExecutorService.java:38) ~[junit-platform-engine-1.6.2.jar:1.6.2]
	at org.junit.platform.engine.support.hierarchical.NodeTestTask.lambda$executeRecursively$5(NodeTestTask.java:139) ~[junit-platform-engine-1.6.2.jar:1.6.2]
	at org.junit.platform.engine.support.hierarchical.ThrowableCollector.execute(ThrowableCollector.java:73) ~[junit-platform-engine-1.6.2.jar:1.6.2]
	at org.junit.platform.engine.support.hierarchical.NodeTestTask.lambda$executeRecursively$7(NodeTestTask.java:125) ~[junit-platform-engine-1.6.2.jar:1.6.2]
	at org.junit.platform.engine.support.hierarchical.Node.around(Node.java:135) ~[junit-platform-engine-1.6.2.jar:1.6.2]
	at org.junit.platform.engine.support.hierarchical.NodeTestTask.lambda$executeRecursively$8(NodeTestTask.java:123) ~[junit-platform-engine-1.6.2.jar:1.6.2]
	at org.junit.platform.engine.support.hierarchical.ThrowableCollector.execute(ThrowableCollector.java:73) ~[junit-platform-engine-1.6.2.jar:1.6.2]
	at org.junit.platform.engine.support.hierarchical.NodeTestTask.executeRecursively(NodeTestTask.java:122) ~[junit-platform-engine-1.6.2.jar:1.6.2]
	at org.junit.platform.engine.support.hierarchical.NodeTestTask.execute(NodeTestTask.java:80) ~[junit-platform-engine-1.6.2.jar:1.6.2]
	at org.junit.platform.engine.support.hierarchical.SameThreadHierarchicalTestExecutorService.submit(SameThreadHierarchicalTestExecutorService.java:32) ~[junit-platform-engine-1.6.2.jar:1.6.2]
	at org.junit.platform.engine.support.hierarchical.HierarchicalTestExecutor.execute(HierarchicalTestExecutor.java:57) ~[junit-platform-engine-1.6.2.jar:1.6.2]
	at org.junit.platform.engine.support.hierarchical.HierarchicalTestEngine.execute(HierarchicalTestEngine.java:51) ~[junit-platform-engine-1.6.2.jar:1.6.2]
	at org.junit.platform.launcher.core.DefaultLauncher.execute(DefaultLauncher.java:220) ~[junit-platform-launcher-1.3.1.jar:1.3.1]
	at org.junit.platform.launcher.core.DefaultLauncher.lambda$execute$6(DefaultLauncher.java:188) ~[junit-platform-launcher-1.3.1.jar:1.3.1]
	at org.junit.platform.launcher.core.DefaultLauncher.withInterceptedStreams(DefaultLauncher.java:202) ~[junit-platform-launcher-1.3.1.jar:1.3.1]
	at org.junit.platform.launcher.core.DefaultLauncher.execute(DefaultLauncher.java:181) ~[junit-platform-launcher-1.3.1.jar:1.3.1]
	at org.junit.platform.launcher.core.DefaultLauncher.execute(DefaultLauncher.java:128) ~[junit-platform-launcher-1.3.1.jar:1.3.1]
	at org.apache.maven.surefire.junitplatform.JUnitPlatformProvider.invokeAllTests(JUnitPlatformProvider.java:150) ~[surefire-junit-platform-2.22.2.jar:2.22.2]
	at org.apache.maven.surefire.junitplatform.JUnitPlatformProvider.invoke(JUnitPlatformProvider.java:124) ~[surefire-junit-platform-2.22.2.jar:2.22.2]
	at org.apache.maven.surefire.booter.ForkedBooter.invokeProviderInSameClassLoader(ForkedBooter.java:384) ~[surefire-booter-2.22.2.jar:2.22.2]
	at org.apache.maven.surefire.booter.ForkedBooter.runSuitesInProcess(ForkedBooter.java:345) ~[surefire-booter-2.22.2.jar:2.22.2]
	at org.apache.maven.surefire.booter.ForkedBooter.execute(ForkedBooter.java:126) ~[surefire-booter-2.22.2.jar:2.22.2]
	at org.apache.maven.surefire.booter.ForkedBooter.main(ForkedBooter.java:418) ~[surefire-booter-2.22.2.jar:2.22.2]
Caused by: org.apache.camel.FailedToCreateRouteException: Failed to create route route1: Route(route1)[From[{{startRoutee}}] -> [Log[Timer invoked NO... because of Failed to resolve endpoint: timer://hello%20how%20are%20you?periods=10s due to: Failed to resolve endpoint: timer://hello%20how%20are%20you?periods=10s due to: There are 1 parameters that couldn't be set on the endpoint. Check the uri if the parameters are spelt correctly and that they are properties of the endpoint. Unknown parameters=[{periods=10s}]
	at org.apache.camel.reifier.RouteReifier.createRoute(RouteReifier.java:123) ~[camel-core-engine-3.4.2.jar:3.4.2]
	at org.apache.camel.impl.DefaultCamelContext.startRouteDefinitions(DefaultCamelContext.java:368) ~[camel-core-engine-3.4.2.jar:3.4.2]
	at org.apache.camel.impl.DefaultCamelContext.startRouteDefinitions(DefaultCamelContext.java:342) ~[camel-core-engine-3.4.2.jar:3.4.2]
	at org.apache.camel.impl.engine.AbstractCamelContext.doInit(AbstractCamelContext.java:2612) ~[camel-base-3.4.2.jar:3.4.2]
	at org.apache.camel.support.service.BaseService.init(BaseService.java:83) ~[camel-api-3.4.2.jar:3.4.2]
	at org.apache.camel.impl.engine.AbstractCamelContext.init(AbstractCamelContext.java:2435) ~[camel-base-3.4.2.jar:3.4.2]
	at org.apache.camel.support.service.BaseService.start(BaseService.java:111) ~[camel-api-3.4.2.jar:3.4.2]
	at org.apache.camel.impl.engine.AbstractCamelContext.start(AbstractCamelContext.java:2452) ~[camel-base-3.4.2.jar:3.4.2]
	at org.apache.camel.spring.SpringCamelContext.start(SpringCamelContext.java:121) ~[camel-spring-3.4.2.jar:3.4.2]
	at org.apache.camel.spring.SpringCamelContext.onApplicationEvent(SpringCamelContext.java:157) ~[camel-spring-3.4.2.jar:3.4.2]
	at org.springframework.context.event.SimpleApplicationEventMulticaster.doInvokeListener(SimpleApplicationEventMulticaster.java:172) ~[spring-context-5.2.8.RELEASE.jar:5.2.8.RELEASE]
	at org.springframework.context.event.SimpleApplicationEventMulticaster.invokeListener(SimpleApplicationEventMulticaster.java:165) ~[spring-context-5.2.8.RELEASE.jar:5.2.8.RELEASE]
	at org.springframework.context.event.SimpleApplicationEventMulticaster.multicastEvent(SimpleApplicationEventMulticaster.java:139) ~[spring-context-5.2.8.RELEASE.jar:5.2.8.RELEASE]
	at org.springframework.context.support.AbstractApplicationContext.publishEvent(AbstractApplicationContext.java:404) ~[spring-context-5.2.8.RELEASE.jar:5.2.8.RELEASE]
	at org.springframework.context.support.AbstractApplicationContext.publishEvent(AbstractApplicationContext.java:361) ~[spring-context-5.2.8.RELEASE.jar:5.2.8.RELEASE]
	at org.springframework.context.support.AbstractApplicationContext.finishRefresh(AbstractApplicationContext.java:898) ~[spring-context-5.2.8.RELEASE.jar:5.2.8.RELEASE]
	at org.springframework.context.support.AbstractApplicationContext.refresh(AbstractApplicationContext.java:554) ~[spring-context-5.2.8.RELEASE.jar:5.2.8.RELEASE]
	at org.springframework.boot.SpringApplication.refresh(SpringApplication.java:758) ~[spring-boot-2.3.2.RELEASE.jar:2.3.2.RELEASE]
	at org.springframework.boot.SpringApplication.refresh(SpringApplication.java:750) ~[spring-boot-2.3.2.RELEASE.jar:2.3.2.RELEASE]
	at org.springframework.boot.SpringApplication.refreshContext(SpringApplication.java:397) ~[spring-boot-2.3.2.RELEASE.jar:2.3.2.RELEASE]
	at org.springframework.boot.SpringApplication.run(SpringApplication.java:315) ~[spring-boot-2.3.2.RELEASE.jar:2.3.2.RELEASE]
	at org.springframework.boot.test.context.SpringBootContextLoader.loadContext(SpringBootContextLoader.java:120) ~[spring-boot-test-2.3.2.RELEASE.jar:2.3.2.RELEASE]
	at org.springframework.test.context.cache.DefaultCacheAwareContextLoaderDelegate.loadContextInternal(DefaultCacheAwareContextLoaderDelegate.java:99) ~[spring-test-5.2.8.RELEASE.jar:5.2.8.RELEASE]
	at org.springframework.test.context.cache.DefaultCacheAwareContextLoaderDelegate.loadContext(DefaultCacheAwareContextLoaderDelegate.java:124) ~[spring-test-5.2.8.RELEASE.jar:5.2.8.RELEASE]
	... 65 common frames omitted
Caused by: org.apache.camel.ResolveEndpointFailedException: Failed to resolve endpoint: timer://hello%20how%20are%20you?periods=10s due to: Failed to resolve endpoint: timer://hello%20how%20are%20you?periods=10s due to: There are 1 parameters that couldn't be set on the endpoint. Check the uri if the parameters are spelt correctly and that they are properties of the endpoint. Unknown parameters=[{periods=10s}]
	at org.apache.camel.impl.engine.AbstractCamelContext.doGetEndpoint(AbstractCamelContext.java:878) ~[camel-base-3.4.2.jar:3.4.2]
	at org.apache.camel.impl.engine.AbstractCamelContext.getEndpoint(AbstractCamelContext.java:768) ~[camel-base-3.4.2.jar:3.4.2]
	at org.apache.camel.support.CamelContextHelper.getMandatoryEndpoint(CamelContextHelper.java:58) ~[camel-support-3.4.2.jar:3.4.2]
	at org.apache.camel.reifier.AbstractReifier.resolveEndpoint(AbstractReifier.java:177) ~[camel-core-engine-3.4.2.jar:3.4.2]
	at org.apache.camel.reifier.RouteReifier.doCreateRoute(RouteReifier.java:259) ~[camel-core-engine-3.4.2.jar:3.4.2]
	at org.apache.camel.reifier.RouteReifier.createRoute(RouteReifier.java:117) ~[camel-core-engine-3.4.2.jar:3.4.2]
	... 88 common frames omitted
Caused by: org.apache.camel.ResolveEndpointFailedException: Failed to resolve endpoint: timer://hello%20how%20are%20you?periods=10s due to: There are 1 parameters that couldn't be set on the endpoint. Check the uri if the parameters are spelt correctly and that they are properties of the endpoint. Unknown parameters=[{periods=10s}]
	at org.apache.camel.support.DefaultComponent.validateParameters(DefaultComponent.java:355) ~[camel-support-3.4.2.jar:3.4.2]
	at org.apache.camel.support.DefaultComponent.createEndpoint(DefaultComponent.java:258) ~[camel-support-3.4.2.jar:3.4.2]
	at org.apache.camel.impl.engine.AbstractCamelContext.doGetEndpoint(AbstractCamelContext.java:846) ~[camel-base-3.4.2.jar:3.4.2]
	... 93 common frames omitted

]]></system-out>
  </testcase>
</testsuite>